<?xml version="1.0" encoding="UTF-8"?>
<testsuite name="com.example.rqchallenge.employees.EmployeeControllerImplTest" tests="7" skipped="0" failures="0" errors="0" timestamp="2022-07-24T16:02:48" hostname="DESKTOP-UBHEST8" time="0.48">
  <properties/>
  <testcase name="getTopTenHighestEarningEmployeeNames()" classname="com.example.rqchallenge.employees.EmployeeControllerImplTest" time="0.201"/>
  <testcase name="getEmployeeById()" classname="com.example.rqchallenge.employees.EmployeeControllerImplTest" time="0.128"/>
  <testcase name="getAllEmployees()" classname="com.example.rqchallenge.employees.EmployeeControllerImplTest" time="0.011"/>
  <testcase name="deleteEmployeeById()" classname="com.example.rqchallenge.employees.EmployeeControllerImplTest" time="0.008"/>
  <testcase name="getHighestSalaryOfEmployees()" classname="com.example.rqchallenge.employees.EmployeeControllerImplTest" time="0.013"/>
  <testcase name="getEmployeesByNameSearch()" classname="com.example.rqchallenge.employees.EmployeeControllerImplTest" time="0.009"/>
  <testcase name="createEmployee()" classname="com.example.rqchallenge.employees.EmployeeControllerImplTest" time="0.091"/>
  <system-out><![CDATA[21:32:44.748 [Test worker] DEBUG org.springframework.test.context.BootstrapUtils - Instantiating CacheAwareContextLoaderDelegate from class [org.springframework.test.context.cache.DefaultCacheAwareContextLoaderDelegate]
21:32:44.755 [Test worker] DEBUG org.springframework.test.context.BootstrapUtils - Instantiating BootstrapContext using constructor [public org.springframework.test.context.support.DefaultBootstrapContext(java.lang.Class,org.springframework.test.context.CacheAwareContextLoaderDelegate)]
21:32:44.821 [Test worker] DEBUG org.springframework.test.context.BootstrapUtils - Instantiating TestContextBootstrapper for test class [com.example.rqchallenge.employees.EmployeeControllerImplTest] from class [org.springframework.boot.test.autoconfigure.web.servlet.WebMvcTestContextBootstrapper]
21:32:44.838 [Test worker] INFO org.springframework.boot.test.autoconfigure.web.servlet.WebMvcTestContextBootstrapper - Neither @ContextConfiguration nor @ContextHierarchy found for test class [com.example.rqchallenge.employees.EmployeeControllerImplTest], using SpringBootContextLoader
21:32:44.838 [Test worker] DEBUG org.springframework.test.context.support.AbstractContextLoader - Did not detect default resource location for test class [com.example.rqchallenge.employees.EmployeeControllerImplTest]: class path resource [com/example/rqchallenge/employees/EmployeeControllerImplTest-context.xml] does not exist
21:32:44.838 [Test worker] DEBUG org.springframework.test.context.support.AbstractContextLoader - Did not detect default resource location for test class [com.example.rqchallenge.employees.EmployeeControllerImplTest]: class path resource [com/example/rqchallenge/employees/EmployeeControllerImplTestContext.groovy] does not exist
21:32:44.838 [Test worker] INFO org.springframework.test.context.support.AbstractContextLoader - Could not detect default resource locations for test class [com.example.rqchallenge.employees.EmployeeControllerImplTest]: no resource found for suffixes {-context.xml, Context.groovy}.
21:32:44.838 [Test worker] INFO org.springframework.test.context.support.AnnotationConfigContextLoaderUtils - Could not detect default configuration classes for test class [com.example.rqchallenge.employees.EmployeeControllerImplTest]: EmployeeControllerImplTest does not declare any static, non-private, non-final, nested classes annotated with @Configuration.
21:32:44.943 [Test worker] DEBUG org.springframework.test.context.support.ActiveProfilesUtils - Could not find an 'annotation declaring class' for annotation type [org.springframework.test.context.ActiveProfiles] and class [com.example.rqchallenge.employees.EmployeeControllerImplTest]
21:32:45.021 [Test worker] DEBUG org.springframework.context.annotation.ClassPathScanningCandidateComponentProvider - Identified candidate component class: file [C:\Users\Sandeep\IdeaProjects\java-employee-challenge\build\classes\java\main\com\example\rqchallenge\RqChallengeApplication.class]
21:32:45.021 [Test worker] INFO org.springframework.boot.test.context.SpringBootTestContextBootstrapper - Found @SpringBootConfiguration com.example.rqchallenge.RqChallengeApplication for test class com.example.rqchallenge.employees.EmployeeControllerImplTest
21:32:45.030 [Test worker] DEBUG org.springframework.boot.test.autoconfigure.web.servlet.WebMvcTestContextBootstrapper - @TestExecutionListeners is not present for class [com.example.rqchallenge.employees.EmployeeControllerImplTest]: using defaults.
21:32:45.030 [Test worker] INFO org.springframework.boot.test.autoconfigure.web.servlet.WebMvcTestContextBootstrapper - Loaded default TestExecutionListener class names from location [META-INF/spring.factories]: [org.springframework.boot.test.autoconfigure.restdocs.RestDocsTestExecutionListener, org.springframework.boot.test.autoconfigure.web.client.MockRestServiceServerResetTestExecutionListener, org.springframework.boot.test.autoconfigure.web.servlet.MockMvcPrintOnlyOnFailureTestExecutionListener, org.springframework.boot.test.autoconfigure.web.servlet.WebDriverTestExecutionListener, org.springframework.boot.test.autoconfigure.webservices.client.MockWebServiceServerTestExecutionListener, org.springframework.boot.test.mock.mockito.MockitoTestExecutionListener, org.springframework.boot.test.mock.mockito.ResetMocksTestExecutionListener, org.springframework.test.context.web.ServletTestExecutionListener, org.springframework.test.context.support.DirtiesContextBeforeModesTestExecutionListener, org.springframework.test.context.event.ApplicationEventsTestExecutionListener, org.springframework.test.context.support.DependencyInjectionTestExecutionListener, org.springframework.test.context.support.DirtiesContextTestExecutionListener, org.springframework.test.context.transaction.TransactionalTestExecutionListener, org.springframework.test.context.jdbc.SqlScriptsTestExecutionListener, org.springframework.test.context.event.EventPublishingTestExecutionListener]
21:32:45.037 [Test worker] DEBUG org.springframework.boot.test.autoconfigure.web.servlet.WebMvcTestContextBootstrapper - Skipping candidate TestExecutionListener [org.springframework.test.context.transaction.TransactionalTestExecutionListener] due to a missing dependency. Specify custom listener classes or make the default listener classes and their required dependencies available. Offending class: [org/springframework/transaction/interceptor/TransactionAttributeSource]
21:32:45.037 [Test worker] DEBUG org.springframework.boot.test.autoconfigure.web.servlet.WebMvcTestContextBootstrapper - Skipping candidate TestExecutionListener [org.springframework.test.context.jdbc.SqlScriptsTestExecutionListener] due to a missing dependency. Specify custom listener classes or make the default listener classes and their required dependencies available. Offending class: [org/springframework/transaction/interceptor/TransactionAttribute]
21:32:45.037 [Test worker] INFO org.springframework.boot.test.autoconfigure.web.servlet.WebMvcTestContextBootstrapper - Using TestExecutionListeners: [org.springframework.test.context.web.ServletTestExecutionListener@16423501, org.springframework.test.context.support.DirtiesContextBeforeModesTestExecutionListener@4efcf8a, org.springframework.test.context.event.ApplicationEventsTestExecutionListener@7a138fc5, org.springframework.boot.test.mock.mockito.MockitoTestExecutionListener@379ab47b, org.springframework.boot.test.autoconfigure.SpringBootDependencyInjectionTestExecutionListener@307765b4, org.springframework.test.context.support.DirtiesContextTestExecutionListener@4a9e6faf, org.springframework.test.context.event.EventPublishingTestExecutionListener@2c95ac9e, org.springframework.boot.test.autoconfigure.restdocs.RestDocsTestExecutionListener@4e4efc1b, org.springframework.boot.test.autoconfigure.web.client.MockRestServiceServerResetTestExecutionListener@459f7aa3, org.springframework.boot.test.autoconfigure.web.servlet.MockMvcPrintOnlyOnFailureTestExecutionListener@7cc586a8, org.springframework.boot.test.autoconfigure.web.servlet.WebDriverTestExecutionListener@7db534f2, org.springframework.boot.test.autoconfigure.webservices.client.MockWebServiceServerTestExecutionListener@44a2b17b, org.springframework.boot.test.mock.mockito.ResetMocksTestExecutionListener@7a56812e]
21:32:45.037 [Test worker] DEBUG org.springframework.test.context.support.AbstractDirtiesContextTestExecutionListener - Before test class: context [DefaultTestContext@2c4ca0f9 testClass = EmployeeControllerImplTest, testInstance = [null], testMethod = [null], testException = [null], mergedContextConfiguration = [WebMergedContextConfiguration@67ef029 testClass = EmployeeControllerImplTest, locations = '{}', classes = '{class com.example.rqchallenge.RqChallengeApplication}', contextInitializerClasses = '[]', activeProfiles = '{}', propertySourceLocations = '{}', propertySourceProperties = '{org.springframework.boot.test.autoconfigure.web.servlet.WebMvcTestContextBootstrapper=true}', contextCustomizers = set[org.springframework.boot.test.autoconfigure.OverrideAutoConfigurationContextCustomizerFactory$DisableAutoConfigurationContextCustomizer@590c73d3, org.springframework.boot.test.autoconfigure.actuate.metrics.MetricsExportContextCustomizerFactory$DisableMetricExportContextCustomizer@435871cb, org.springframework.boot.test.autoconfigure.filter.TypeExcludeFiltersContextCustomizer@fbacc2ec, org.springframework.boot.test.autoconfigure.properties.PropertyMappingContextCustomizer@14292530, org.springframework.boot.test.autoconfigure.web.servlet.WebDriverContextCustomizerFactory$Customizer@62435e70, [ImportsContextCustomizer@7df587ef key = [org.springframework.boot.autoconfigure.cache.CacheAutoConfiguration, org.springframework.boot.autoconfigure.context.MessageSourceAutoConfiguration, org.springframework.boot.autoconfigure.data.web.SpringDataWebAutoConfiguration, org.springframework.boot.autoconfigure.freemarker.FreeMarkerAutoConfiguration, org.springframework.boot.autoconfigure.groovy.template.GroovyTemplateAutoConfiguration, org.springframework.boot.autoconfigure.gson.GsonAutoConfiguration, org.springframework.boot.autoconfigure.hateoas.HypermediaAutoConfiguration, org.springframework.boot.autoconfigure.http.HttpMessageConvertersAutoConfiguration, org.springframework.boot.autoconfigure.jackson.JacksonAutoConfiguration, org.springframework.boot.autoconfigure.jsonb.JsonbAutoConfiguration, org.springframework.boot.autoconfigure.mustache.MustacheAutoConfiguration, org.springframework.boot.autoconfigure.task.TaskExecutionAutoConfiguration, org.springframework.boot.autoconfigure.thymeleaf.ThymeleafAutoConfiguration, org.springframework.boot.autoconfigure.validation.ValidationAutoConfiguration, org.springframework.boot.autoconfigure.web.servlet.error.ErrorMvcAutoConfiguration, org.springframework.boot.autoconfigure.web.servlet.HttpEncodingAutoConfiguration, org.springframework.boot.autoconfigure.web.servlet.WebMvcAutoConfiguration, org.springframework.boot.test.autoconfigure.web.servlet.MockMvcAutoConfiguration, org.springframework.boot.test.autoconfigure.web.servlet.MockMvcWebClientAutoConfiguration, org.springframework.boot.test.autoconfigure.web.servlet.MockMvcWebDriverAutoConfiguration, org.springframework.boot.autoconfigure.security.oauth2.client.servlet.OAuth2ClientAutoConfiguration, org.springframework.boot.autoconfigure.security.oauth2.resource.servlet.OAuth2ResourceServerAutoConfiguration, org.springframework.boot.autoconfigure.security.servlet.SecurityAutoConfiguration, org.springframework.boot.autoconfigure.security.servlet.SecurityFilterAutoConfiguration, org.springframework.boot.autoconfigure.security.servlet.UserDetailsServiceAutoConfiguration, org.springframework.boot.test.autoconfigure.web.servlet.MockMvcSecurityConfiguration, org.springframework.boot.test.autoconfigure.web.reactive.WebTestClientAutoConfiguration]], org.springframework.boot.test.context.filter.ExcludeFilterContextCustomizer@1de5f0ef, org.springframework.boot.test.json.DuplicateJsonObjectContextCustomizerFactory$DuplicateJsonObjectContextCustomizer@6ca0256d, org.springframework.boot.test.mock.mockito.MockitoContextCustomizer@76afd6fa, org.springframework.boot.test.context.SpringBootTestArgs@1, org.springframework.boot.test.context.SpringBootTestWebEnvironment@0], resourceBasePath = 'src/main/webapp', contextLoader = 'org.springframework.boot.test.context.SpringBootContextLoader', parent = [null]], attributes = map[[empty]]], class annotated with @DirtiesContext [false] with mode [null].
21:32:45.117 [Test worker] DEBUG org.springframework.boot.ApplicationServletEnvironment - Activating profiles []
21:32:45.149 [Test worker] DEBUG org.springframework.test.context.support.TestPropertySourceUtils - Adding inlined properties to environment: {spring.jmx.enabled=false, org.springframework.boot.test.autoconfigure.web.servlet.WebMvcTestContextBootstrapper=true}

  .   ____          _            __ _ _
 /\\ / ___'_ __ _ _(_)_ __  __ _ \ \ \ \
( ( )\___ | '_ | '_| | '_ \/ _` | \ \ \ \
 \\/  ___)| |_)| | | | | || (_| |  ) ) ) )
  '  |____| .__|_| |_|_| |_\__, | / / / /
 =========|_|==============|___/=/_/_/_/
 :: Spring Boot ::                (v2.6.1)

2022-07-24 21:32:45.648  INFO 18488 --- [    Test worker] c.e.r.e.EmployeeControllerImplTest       : Starting EmployeeControllerImplTest using Java 11.0.13 on DESKTOP-UBHEST8 with PID 18488 (started by Sandeep in C:\Users\Sandeep\IdeaProjects\java-employee-challenge)
2022-07-24 21:32:45.648  INFO 18488 --- [    Test worker] c.e.r.e.EmployeeControllerImplTest       : No active profile set, falling back to default profiles: default
2022-07-24 21:32:48.256  INFO 18488 --- [    Test worker] o.s.b.t.m.w.SpringBootMockServletContext : Initializing Spring TestDispatcherServlet ''
2022-07-24 21:32:48.256  INFO 18488 --- [    Test worker] o.s.t.web.servlet.TestDispatcherServlet  : Initializing Servlet ''
2022-07-24 21:32:48.272  INFO 18488 --- [    Test worker] o.s.t.web.servlet.TestDispatcherServlet  : Completed initialization in 16 ms
2022-07-24 21:32:48.308  INFO 18488 --- [    Test worker] c.e.r.e.EmployeeControllerImplTest       : Started EmployeeControllerImplTest in 3.148 seconds (JVM running for 4.871)
2022-07-24 21:32:48.445  INFO 18488 --- [    Test worker] c.e.r.e.c.EmployeeControllerImpl         : Inside getTopTenHighestEarningEmployeeNames
2022-07-24 21:32:48.539  INFO 18488 --- [    Test worker] c.e.r.e.c.EmployeeControllerImpl         : Inside getEmployeeById. Searching for id 1
2022-07-24 21:32:48.654  INFO 18488 --- [    Test worker] c.e.r.e.c.EmployeeControllerImpl         : Inside getAllEmployees
2022-07-24 21:32:48.670  INFO 18488 --- [    Test worker] c.e.r.e.c.EmployeeControllerImpl         : Insdie deleteEmployeeById. Trying to delete employee with id 1
2022-07-24 21:32:48.686  INFO 18488 --- [    Test worker] c.e.r.e.c.EmployeeControllerImpl         : Inside getHighestSalaryOfEmployee
2022-07-24 21:32:48.705  INFO 18488 --- [    Test worker] c.e.r.e.c.EmployeeControllerImpl         : Inside getEmployeeByNameSearch. Search string Garrett Winters
2022-07-24 21:32:48.805  INFO 18488 --- [    Test worker] c.e.r.e.c.EmployeeControllerImpl         : Inside create employee with input request data {name=sandeep dawre, salary=29000, age=33}
]]></system-out>
  <system-err><![CDATA[]]></system-err>
</testsuite>
